[1029/000938.705:ERROR:process_reader_win.cc(123)] NtOpenThread: {Access Denied} A process has requested access to an object, but has not been granted those access rights. (0xc0000022)
[1029/000938.709:ERROR:exception_snapshot_win.cc(98)] thread ID 37504 not found in process
[1029/000938.709:ERROR:process_reader_win.cc(123)] NtOpenThread: {Access Denied} A process has requested access to an object, but has not been granted those access rights. (0xc0000022)
[1029/000938.710:ERROR:exception_snapshot_win.cc(98)] thread ID 36960 not found in process
[1029/152453.341:ERROR:process_info.cc(98)] ReadProcessMemory UNICODE_STRING: Only part of a ReadProcessMemory or WriteProcessMemory request was completed. (0x12B)
[1029/152453.341:ERROR:process_info.cc(98)] ReadProcessMemory UNICODE_STRING: Only part of a ReadProcessMemory or WriteProcessMemory request was completed. (0x12B)
[1029/152453.342:ERROR:process_info.cc(98)] ReadProcessMemory UNICODE_STRING: Only part of a ReadProcessMemory or WriteProcessMemory request was completed. (0x12B)
[1029/152453.342:ERROR:process_info.cc(98)] ReadProcessMemory UNICODE_STRING: Only part of a ReadProcessMemory or WriteProcessMemory request was completed. (0x12B)
[1029/152453.342:ERROR:process_info.cc(98)] ReadProcessMemory UNICODE_STRING: Only part of a ReadProcessMemory or WriteProcessMemory request was completed. (0x12B)
[1029/152453.342:ERROR:process_info.cc(98)] ReadProcessMemory UNICODE_STRING: Only part of a ReadProcessMemory or WriteProcessMemory request was completed. (0x12B)
[1029/152453.345:ERROR:process_info.cc(98)] ReadProcessMemory UNICODE_STRING: Only part of a ReadProcessMemory or WriteProcessMemory request was completed. (0x12B)
[1029/152453.345:ERROR:process_info.cc(98)] ReadProcessMemory UNICODE_STRING: Only part of a ReadProcessMemory or WriteProcessMemory request was completed. (0x12B)
[1029/152453.345:ERROR:process_info.cc(98)] ReadProcessMemory UNICODE_STRING: Only part of a ReadProcessMemory or WriteProcessMemory request was completed. (0x12B)
[1029/152453.345:ERROR:process_info.cc(98)] ReadProcessMemory UNICODE_STRING: Only part of a ReadProcessMemory or WriteProcessMemory request was completed. (0x12B)
[1029/152453.345:ERROR:process_info.cc(98)] ReadProcessMemory UNICODE_STRING: Only part of a ReadProcessMemory or WriteProcessMemory request was completed. (0x12B)
[1029/152453.345:ERROR:process_info.cc(98)] ReadProcessMemory UNICODE_STRING: Only part of a ReadProcessMemory or WriteProcessMemory request was completed. (0x12B)
[1029/152453.357:ERROR:process_info.cc(617)] range at 0x262a609f390, size 0xe4 fully unreadable
[1029/152453.357:ERROR:process_info.cc(617)] range at 0x262a609f45e, size 0x16 fully unreadable
[1029/152453.357:ERROR:process_info.cc(617)] range at 0x262a60b9530, size 0x40 fully unreadable
[1029/152453.357:ERROR:process_info.cc(617)] range at 0x262a60b9558, size 0x18 fully unreadable
[1029/152453.357:ERROR:process_info.cc(617)] range at 0x262a60b90d0, size 0x46 fully unreadable
[1029/152453.357:ERROR:process_info.cc(617)] range at 0x262a60b90f8, size 0x1e fully unreadable
[1029/152453.357:ERROR:process_info.cc(617)] range at 0x262a60f2160, size 0x44 fully unreadable
[1029/152453.357:ERROR:process_info.cc(617)] range at 0x262a60f2188, size 0x1c fully unreadable
[1029/152453.357:ERROR:process_info.cc(617)] range at 0x262a6117090, size 0x36 fully unreadable
[1029/152453.357:ERROR:process_info.cc(617)] range at 0x262a61170b8, size 0xe fully unreadable
[1029/152453.357:ERROR:process_info.cc(617)] range at 0x262a60a00d0, size 0xf6 fully unreadable
[1029/152453.357:ERROR:process_info.cc(617)] range at 0x262a60a01ae, size 0x18 fully unreadable
[1029/152453.357:ERROR:process_info.cc(617)] range at 0x262a609f390, size 0xe4 fully unreadable
[1029/152453.357:ERROR:process_info.cc(617)] range at 0x262a609f45e, size 0x16 fully unreadable
[1029/152453.357:ERROR:process_info.cc(617)] range at 0x262a60b9530, size 0x40 fully unreadable
[1029/152453.357:ERROR:process_info.cc(617)] range at 0x262a60b9558, size 0x18 fully unreadable
[1029/152453.357:ERROR:process_info.cc(617)] range at 0x262a60b90d0, size 0x46 fully unreadable
[1029/152453.357:ERROR:process_info.cc(617)] range at 0x262a60b90f8, size 0x1e fully unreadable
[1029/152453.357:ERROR:process_info.cc(617)] range at 0x262a60f2160, size 0x44 fully unreadable
[1029/152453.357:ERROR:process_info.cc(617)] range at 0x262a60f2188, size 0x1c fully unreadable
[1029/152453.357:ERROR:process_info.cc(617)] range at 0x262a6117090, size 0x36 fully unreadable
[1029/152453.357:ERROR:process_info.cc(617)] range at 0x262a61170b8, size 0xe fully unreadable
[1029/152453.357:ERROR:process_info.cc(617)] range at 0x262a60a00d0, size 0xf6 fully unreadable
[1029/152453.357:ERROR:process_info.cc(617)] range at 0x262a60a01ae, size 0x18 fully unreadable
[1029/152453.358:ERROR:process_info.cc(617)] range at 0x262a609f390, size 0xe4 fully unreadable
[1029/152453.358:ERROR:process_info.cc(617)] range at 0x262a609f45e, size 0x16 fully unreadable
[1029/152453.358:ERROR:process_info.cc(617)] range at 0x262a60b9530, size 0x40 fully unreadable
[1029/152453.358:ERROR:process_info.cc(617)] range at 0x262a60b9558, size 0x18 fully unreadable
[1029/152453.358:ERROR:process_info.cc(617)] range at 0x262a60f2160, size 0x44 fully unreadable
[1029/152453.358:ERROR:process_info.cc(617)] range at 0x262a60f2188, size 0x1c fully unreadable
[1029/152453.358:ERROR:process_info.cc(617)] range at 0x262a6117090, size 0x36 fully unreadable
[1029/152453.358:ERROR:process_info.cc(617)] range at 0x262a61170b8, size 0xe fully unreadable
[1029/152453.358:ERROR:process_info.cc(617)] range at 0x262a60b90d0, size 0x46 fully unreadable
[1029/152453.358:ERROR:process_info.cc(617)] range at 0x262a60b90f8, size 0x1e fully unreadable
[1029/152453.358:ERROR:process_info.cc(617)] range at 0x262a60a00d0, size 0xf6 fully unreadable
[1029/152453.358:ERROR:process_info.cc(617)] range at 0x262a60a01ae, size 0x18 fully unreadable
